0 info it worked if it ends with ok
1 verbose cli [ '/usr/bin/node',
1 verbose cli   '/usr/bin/npm',
1 verbose cli   'install',
1 verbose cli   '--global',
1 verbose cli   'gulp-notify' ]
2 info using npm@1.4.28
3 info using node@v0.10.33
4 verbose node symlink /usr/bin/node
5 verbose cache add [ 'gulp-notify', null ]
6 verbose cache add name=undefined spec="gulp-notify" args=["gulp-notify",null]
7 verbose parsed url { protocol: null,
7 verbose parsed url   slashes: null,
7 verbose parsed url   auth: null,
7 verbose parsed url   host: null,
7 verbose parsed url   port: null,
7 verbose parsed url   hostname: null,
7 verbose parsed url   hash: null,
7 verbose parsed url   search: null,
7 verbose parsed url   query: null,
7 verbose parsed url   pathname: 'gulp-notify',
7 verbose parsed url   path: 'gulp-notify',
7 verbose parsed url   href: 'gulp-notify' }
8 silly lockFile 6a726d29-gulp-notify gulp-notify
9 verbose lock gulp-notify /home/vagrant/.npm/6a726d29-gulp-notify.lock
10 silly lockFile 6a726d29-gulp-notify gulp-notify
11 silly lockFile 6a726d29-gulp-notify gulp-notify
12 verbose addNamed [ 'gulp-notify', '' ]
13 verbose addNamed [ null, '*' ]
14 silly lockFile 6b689132-gulp-notify gulp-notify@
15 verbose lock gulp-notify@ /home/vagrant/.npm/6b689132-gulp-notify.lock
16 silly addNameRange { name: 'gulp-notify', range: '*', hasData: false }
17 verbose request where is /gulp-notify
18 verbose request registry https://registry.npmjs.org/
19 verbose request id dcaf6bf0c4708b44
20 verbose url raw /gulp-notify
21 verbose url resolving [ 'https://registry.npmjs.org/', './gulp-notify' ]
22 verbose url resolved https://registry.npmjs.org/gulp-notify
23 verbose request where is https://registry.npmjs.org/gulp-notify
24 info trying registry request attempt 1 at 11:00:21
25 verbose etag "CRCMZ5G9LQ5GQO26B8ZSESMB7"
26 http GET https://registry.npmjs.org/gulp-notify
27 http 304 https://registry.npmjs.org/gulp-notify
28 silly registry.get cb [ 304,
28 silly registry.get   { date: 'Mon, 02 Mar 2015 11:00:22 GMT',
28 silly registry.get     server: 'Apache',
28 silly registry.get     via: '1.1 varnish',
28 silly registry.get     'last-modified': 'Mon, 02 Mar 2015 11:00:22 GMT',
28 silly registry.get     'cache-control': 'max-age=60',
28 silly registry.get     etag: '"CRCMZ5G9LQ5GQO26B8ZSESMB7"',
28 silly registry.get     age: '0',
28 silly registry.get     'x-served-by': 'cache-atl6220-ATL',
28 silly registry.get     'x-cache': 'HIT',
28 silly registry.get     'x-cache-hits': '1',
28 silly registry.get     'x-timer': 'S1425294022.042125,VS0,VE74',
28 silly registry.get     vary: 'Accept',
28 silly registry.get     'content-length': '0',
28 silly registry.get     'keep-alive': 'timeout=10, max=50',
28 silly registry.get     connection: 'Keep-Alive' } ]
29 verbose etag https://registry.npmjs.org/gulp-notify from cache
30 silly addNameRange number 2 { name: 'gulp-notify', range: '*', hasData: true }
31 silly addNameRange versions [ 'gulp-notify',
31 silly addNameRange   [ '0.0.5',
31 silly addNameRange     '0.0.6',
31 silly addNameRange     '0.0.7',
31 silly addNameRange     '0.0.8',
31 silly addNameRange     '0.1.0',
31 silly addNameRange     '0.2.0',
31 silly addNameRange     '0.3.0',
31 silly addNameRange     '0.3.2',
31 silly addNameRange     '0.3.3',
31 silly addNameRange     '0.3.4',
31 silly addNameRange     '0.3.4-1',
31 silly addNameRange     '0.3.4-2',
31 silly addNameRange     '0.3.5-0',
31 silly addNameRange     '0.4.0',
31 silly addNameRange     '0.4.1',
31 silly addNameRange     '0.4.2',
31 silly addNameRange     '0.4.3',
31 silly addNameRange     '0.4.5',
31 silly addNameRange     '0.4.6',
31 silly addNameRange     '0.5.0',
31 silly addNameRange     '0.5.1',
31 silly addNameRange     '0.6.0',
31 silly addNameRange     '0.6.1',
31 silly addNameRange     '0.6.2',
31 silly addNameRange     '1.0.0-beta',
31 silly addNameRange     '1.1.0',
31 silly addNameRange     '1.1.1',
31 silly addNameRange     '1.2.0',
31 silly addNameRange     '1.2.1',
31 silly addNameRange     '1.2.2',
31 silly addNameRange     '1.2.4',
31 silly addNameRange     '1.2.5',
31 silly addNameRange     '1.2.6',
31 silly addNameRange     '1.3.0',
31 silly addNameRange     '1.3.1',
31 silly addNameRange     '1.4.0',
31 silly addNameRange     '1.4.1',
31 silly addNameRange     '1.4.2',
31 silly addNameRange     '1.5.0',
31 silly addNameRange     '1.5.1',
31 silly addNameRange     '1.6.0',
31 silly addNameRange     '1.7.0',
31 silly addNameRange     '1.7.1',
31 silly addNameRange     '1.8.0',
31 silly addNameRange     '2.0.0',
31 silly addNameRange     '2.0.1',
31 silly addNameRange     '2.1.0',
31 silly addNameRange     '2.2.0' ] ]
32 verbose addNamed [ 'gulp-notify', '2.2.0' ]
33 verbose addNamed [ '2.2.0', '2.2.0' ]
34 silly lockFile 7dcdb195-gulp-notify-2-2-0 gulp-notify@2.2.0
35 verbose lock gulp-notify@2.2.0 /home/vagrant/.npm/7dcdb195-gulp-notify-2-2-0.lock
36 silly lockFile 7dcdb195-gulp-notify-2-2-0 gulp-notify@2.2.0
37 silly lockFile 7dcdb195-gulp-notify-2-2-0 gulp-notify@2.2.0
38 silly lockFile 6b689132-gulp-notify gulp-notify@
39 silly lockFile 6b689132-gulp-notify gulp-notify@
40 silly resolved [ { name: 'gulp-notify',
40 silly resolved     version: '2.2.0',
40 silly resolved     description: 'gulp plugin to send messages based on Vinyl Files or Errors to Mac OS X, Linux or Windows using the node-notifier module. Fallbacks to Growl or simply logging',
40 silly resolved     keywords:
40 silly resolved      [ 'gulpplugin',
40 silly resolved        'notify',
40 silly resolved        'gulp',
40 silly resolved        'notification',
40 silly resolved        'reporter',
40 silly resolved        'windows notification',
40 silly resolved        'mac notification',
40 silly resolved        'notify-send',
40 silly resolved        'notify-osd',
40 silly resolved        'growl' ],
40 silly resolved     homepage: 'https://github.com/mikaelbr/gulp-notify',
40 silly resolved     bugs: { url: 'https://github.com/mikaelbr/gulp-notify/issues' },
40 silly resolved     author:
40 silly resolved      { name: 'Mikael Brevik',
40 silly resolved        email: 'mikaelbre@gmail.com',
40 silly resolved        url: 'https://github.com/mikaelbr' },
40 silly resolved     main: './index.js',
40 silly resolved     repository:
40 silly resolved      { type: 'git',
40 silly resolved        url: 'git://github.com/mikaelbr/gulp-notify.git' },
40 silly resolved     scripts: { test: 'mocha -R spec' },
40 silly resolved     dependencies:
40 silly resolved      { 'gulp-util': '^3.0.2',
40 silly resolved        'lodash.template': '^3.0.0',
40 silly resolved        'node-notifier': '^4.1.0',
40 silly resolved        'node.extend': '^1.1.3',
40 silly resolved        through2: '^0.6.3' },
40 silly resolved     devDependencies:
40 silly resolved      { gulp: '^3.8.10',
40 silly resolved        'gulp-plumber': '^0.6.6',
40 silly resolved        mocha: '^2.1.0',
40 silly resolved        should: '^4.6.1' },
40 silly resolved     engines: { node: '>=0.8.0', npm: '>=1.2.10' },
40 silly resolved     licenses: [ [Object] ],
40 silly resolved     gitHead: '5b44fcfa33d9b58740be3f32bdcdc7385a287768',
40 silly resolved     _id: 'gulp-notify@2.2.0',
40 silly resolved     _shasum: '046c8285c292e97eed4e15a009c26cbbe5cef135',
40 silly resolved     _from: 'gulp-notify@',
40 silly resolved     _npmVersion: '2.1.2',
40 silly resolved     _nodeVersion: '0.10.21',
40 silly resolved     _npmUser: { name: 'mikaelb', email: 'mikaelbre@gmail.com' },
40 silly resolved     maintainers: [ [Object] ],
40 silly resolved     dist:
40 silly resolved      { shasum: '046c8285c292e97eed4e15a009c26cbbe5cef135',
40 silly resolved        tarball: 'http://registry.npmjs.org/gulp-notify/-/gulp-notify-2.2.0.tgz' },
40 silly resolved     directories: {},
40 silly resolved     _resolved: 'https://registry.npmjs.org/gulp-notify/-/gulp-notify-2.2.0.tgz',
40 silly resolved     readme: 'ERROR: No README data found!' } ]
41 info install gulp-notify@2.2.0 into /usr/lib
42 info installOne gulp-notify@2.2.0
43 verbose lib/node_modules/gulp-notify unbuild
44 verbose tar unpack /home/vagrant/.npm/gulp-notify/2.2.0/package.tgz
45 silly lockFile 16f9b7e2-usr-lib-node-modules-gulp-notify tar:///usr/lib/node_modules/gulp-notify
46 verbose lock tar:///usr/lib/node_modules/gulp-notify /home/vagrant/.npm/16f9b7e2-usr-lib-node-modules-gulp-notify.lock
47 silly lockFile 8d4429f5-pm-gulp-notify-2-2-0-package-tgz tar:///home/vagrant/.npm/gulp-notify/2.2.0/package.tgz
48 verbose lock tar:///home/vagrant/.npm/gulp-notify/2.2.0/package.tgz /home/vagrant/.npm/8d4429f5-pm-gulp-notify-2-2-0-package-tgz.lock
49 silly gunzTarPerm modes [ '775', '664' ]
50 error Error: EACCES, mkdir '/usr/lib/node_modules/gulp-notify'
50 error  { [Error: EACCES, mkdir '/usr/lib/node_modules/gulp-notify']
50 error   errno: 3,
50 error   code: 'EACCES',
50 error   path: '/usr/lib/node_modules/gulp-notify',
50 error   fstream_type: 'Directory',
50 error   fstream_path: '/usr/lib/node_modules/gulp-notify',
50 error   fstream_class: 'DirWriter',
50 error   fstream_stack:
50 error    [ '/usr/lib/node_modules/npm/node_modules/fstream/lib/dir-writer.js:36:23',
50 error      '/usr/lib/node_modules/npm/node_modules/mkdirp/index.js:46:53',
50 error      'Object.oncomplete (fs.js:107:15)' ] }
51 error Please try running this command again as root/Administrator.
52 error System Linux 3.13.0-30-generic
53 error command "/usr/bin/node" "/usr/bin/npm" "install" "--global" "gulp-notify"
54 error cwd /home/vagrant/Projects/laravel
55 error node -v v0.10.33
56 error npm -v 1.4.28
57 error path /usr/lib/node_modules/gulp-notify
58 error fstream_path /usr/lib/node_modules/gulp-notify
59 error fstream_type Directory
60 error fstream_class DirWriter
61 error code EACCES
62 error errno 3
63 error stack Error: EACCES, mkdir '/usr/lib/node_modules/gulp-notify'
64 error fstream_stack /usr/lib/node_modules/npm/node_modules/fstream/lib/dir-writer.js:36:23
64 error fstream_stack /usr/lib/node_modules/npm/node_modules/mkdirp/index.js:46:53
64 error fstream_stack Object.oncomplete (fs.js:107:15)
65 verbose exit [ 3, true ]
